<?xml version="1.0" encoding="UTF-8"?>
<coverage generated="1580773068695" clover="3.2.0">
  <project timestamp="1580773068695" name="All files">
    <metrics statements="5" coveredstatements="5" conditionals="8" coveredconditionals="8" methods="2" coveredmethods="2" elements="15" coveredelements="15" complexity="0" loc="5" ncloc="5" packages="1" files="1" classes="1"/>
    <file name="Event.js" path="/Users/juliesneed/meetup/src/Event.js">
      <metrics statements="5" coveredstatements="5" conditionals="8" coveredconditionals="8" methods="2" coveredmethods="2"/>
      <line num="4" count="113" type="stmt"/>
      <line num="9" count="113" type="stmt"/>
      <line num="10" count="5" type="stmt"/>
      <line num="13" count="154" type="stmt"/>
      <line num="14" count="154" type="stmt"/>
    </file>
  </project>
</coverage>
