{"/Users/juliesneed/meetup/src/Event.js": {"path":"/Users/juliesneed/meetup/src/Event.js","statementMap":{"0":{"start":{"line":4,"column":12},"end":{"line":7,"column":5}},"1":{"start":{"line":9,"column":19},"end":{"line":15,"column":5}},"2":{"start":{"line":10,"column":8},"end":{"line":14,"column":9}},"3":{"start":{"line":11,"column":12},"end":{"line":11,"column":49}},"4":{"start":{"line":13,"column":12},"end":{"line":13,"column":50}},"5":{"start":{"line":17,"column":22},"end":{"line":17,"column":38}},"6":{"start":{"line":18,"column":8},"end":{"line":28,"column":10}}},"fnMap":{"0":{"name":"(anonymous_0)","decl":{"start":{"line":9,"column":19},"end":{"line":9,"column":20}},"loc":{"start":{"line":9,"column":25},"end":{"line":15,"column":5}},"line":9},"1":{"name":"(anonymous_1)","decl":{"start":{"line":16,"column":4},"end":{"line":16,"column":5}},"loc":{"start":{"line":16,"column":13},"end":{"line":29,"column":5}},"line":16}},"branchMap":{"0":{"loc":{"start":{"line":10,"column":8},"end":{"line":14,"column":9}},"type":"if","locations":[{"start":{"line":10,"column":8},"end":{"line":14,"column":9}},{"start":{"line":10,"column":8},"end":{"line":14,"column":9}}],"line":10}},"s":{"0":9,"1":9,"2":0,"3":0,"4":0,"5":9,"6":9},"f":{"0":0,"1":9},"b":{"0":[0,0]},"_coverageSchema":"43e27e138ebf9cfc5966b082cf9a028302ed4184","hash":"3c7810fa6e62fa7654ec65dec2e28748f73bb1ff"}
,"/Users/juliesneed/meetup/src/NumberOfEvents.js": {"path":"/Users/juliesneed/meetup/src/NumberOfEvents.js","statementMap":{"0":{"start":{"line":4,"column":12},"end":{"line":6,"column":5}},"1":{"start":{"line":7,"column":25},"end":{"line":11,"column":5}},"2":{"start":{"line":8,"column":22},"end":{"line":8,"column":40}},"3":{"start":{"line":9,"column":8},"end":{"line":9,"column":40}},"4":{"start":{"line":10,"column":8},"end":{"line":10,"column":51}},"5":{"start":{"line":14,"column":8},"end":{"line":24,"column":10}}},"fnMap":{"0":{"name":"(anonymous_0)","decl":{"start":{"line":7,"column":25},"end":{"line":7,"column":26}},"loc":{"start":{"line":7,"column":36},"end":{"line":11,"column":5}},"line":7},"1":{"name":"(anonymous_1)","decl":{"start":{"line":13,"column":4},"end":{"line":13,"column":5}},"loc":{"start":{"line":13,"column":13},"end":{"line":25,"column":5}},"line":13}},"branchMap":{},"s":{"0":3,"1":3,"2":1,"3":1,"4":1,"5":7},"f":{"0":1,"1":7},"b":{},"_coverageSchema":"43e27e138ebf9cfc5966b082cf9a028302ed4184","hash":"96f6b33c848854d9dc5386f6684b3447b728af2e"}
}
