{"/Users/juliesneed/meetup/src/App.js": {"path":"/Users/juliesneed/meetup/src/App.js","statementMap":{"0":{"start":{"line":9,"column":10},"end":{"line":11,"column":3}},"1":{"start":{"line":12,"column":17},"end":{"line":14,"column":3}},"2":{"start":{"line":13,"column":4},"end":{"line":13,"column":66}},"3":{"start":{"line":13,"column":39},"end":{"line":13,"column":64}},"4":{"start":{"line":17,"column":4},"end":{"line":24,"column":6}}},"fnMap":{"0":{"name":"(anonymous_0)","decl":{"start":{"line":12,"column":17},"end":{"line":12,"column":18}},"loc":{"start":{"line":12,"column":31},"end":{"line":14,"column":3}},"line":12},"1":{"name":"(anonymous_1)","decl":{"start":{"line":13,"column":29},"end":{"line":13,"column":30}},"loc":{"start":{"line":13,"column":39},"end":{"line":13,"column":64}},"line":13},"2":{"name":"(anonymous_2)","decl":{"start":{"line":16,"column":2},"end":{"line":16,"column":3}},"loc":{"start":{"line":16,"column":11},"end":{"line":25,"column":3}},"line":16}},"branchMap":{},"s":{"0":4,"1":4,"2":1,"3":1,"4":7},"f":{"0":1,"1":1,"2":7},"b":{},"_coverageSchema":"43e27e138ebf9cfc5966b082cf9a028302ed4184","hash":"655da849a680d1d367b012a1ef4b40033c1542cc"}
,"/Users/juliesneed/meetup/src/CitySearch.js": {"path":"/Users/juliesneed/meetup/src/CitySearch.js","statementMap":{"0":{"start":{"line":5,"column":12},"end":{"line":8,"column":5}},"1":{"start":{"line":10,"column":25},"end":{"line":14,"column":5}},"2":{"start":{"line":11,"column":22},"end":{"line":11,"column":40}},"3":{"start":{"line":12,"column":8},"end":{"line":12,"column":40}},"4":{"start":{"line":13,"column":8},"end":{"line":13,"column":82}},"5":{"start":{"line":13,"column":50},"end":{"line":13,"column":80}},"6":{"start":{"line":16,"column":24},"end":{"line":19,"column":5}},"7":{"start":{"line":17,"column":8},"end":{"line":17,"column":57}},"8":{"start":{"line":18,"column":8},"end":{"line":18,"column":42}},"9":{"start":{"line":22,"column":8},"end":{"line":38,"column":10}},"10":{"start":{"line":33,"column":24},"end":{"line":34,"column":48}},"11":{"start":{"line":33,"column":66},"end":{"line":33,"column":126}}},"fnMap":{"0":{"name":"(anonymous_0)","decl":{"start":{"line":10,"column":25},"end":{"line":10,"column":26}},"loc":{"start":{"line":10,"column":36},"end":{"line":14,"column":5}},"line":10},"1":{"name":"(anonymous_1)","decl":{"start":{"line":13,"column":35},"end":{"line":13,"column":36}},"loc":{"start":{"line":13,"column":50},"end":{"line":13,"column":80}},"line":13},"2":{"name":"(anonymous_2)","decl":{"start":{"line":16,"column":24},"end":{"line":16,"column":25}},"loc":{"start":{"line":16,"column":45},"end":{"line":19,"column":5}},"line":16},"3":{"name":"(anonymous_3)","decl":{"start":{"line":21,"column":4},"end":{"line":21,"column":5}},"loc":{"start":{"line":21,"column":13},"end":{"line":39,"column":5}},"line":21},"4":{"name":"(anonymous_4)","decl":{"start":{"line":32,"column":48},"end":{"line":32,"column":49}},"loc":{"start":{"line":33,"column":24},"end":{"line":34,"column":48}},"line":33},"5":{"name":"(anonymous_5)","decl":{"start":{"line":33,"column":60},"end":{"line":33,"column":61}},"loc":{"start":{"line":33,"column":66},"end":{"line":33,"column":126}},"line":33}},"branchMap":{},"s":{"0":9,"1":9,"2":2,"3":2,"4":2,"5":2,"6":9,"7":2,"8":2,"9":18,"10":6,"11":1},"f":{"0":2,"1":2,"2":2,"3":18,"4":6,"5":1},"b":{},"_coverageSchema":"43e27e138ebf9cfc5966b082cf9a028302ed4184","hash":"d422472c9677923fd158ffa9e341b16960d96254"}
,"/Users/juliesneed/meetup/src/Event.js": {"path":"/Users/juliesneed/meetup/src/Event.js","statementMap":{"0":{"start":{"line":4,"column":12},"end":{"line":7,"column":5}},"1":{"start":{"line":9,"column":19},"end":{"line":15,"column":5}},"2":{"start":{"line":10,"column":8},"end":{"line":14,"column":9}},"3":{"start":{"line":11,"column":12},"end":{"line":11,"column":49}},"4":{"start":{"line":13,"column":12},"end":{"line":13,"column":50}},"5":{"start":{"line":17,"column":22},"end":{"line":17,"column":38}},"6":{"start":{"line":18,"column":8},"end":{"line":26,"column":10}}},"fnMap":{"0":{"name":"(anonymous_0)","decl":{"start":{"line":9,"column":19},"end":{"line":9,"column":20}},"loc":{"start":{"line":9,"column":25},"end":{"line":15,"column":5}},"line":9},"1":{"name":"(anonymous_1)","decl":{"start":{"line":16,"column":4},"end":{"line":16,"column":5}},"loc":{"start":{"line":16,"column":13},"end":{"line":27,"column":5}},"line":16}},"branchMap":{"0":{"loc":{"start":{"line":10,"column":8},"end":{"line":14,"column":9}},"type":"if","locations":[{"start":{"line":10,"column":8},"end":{"line":14,"column":9}},{"start":{"line":10,"column":8},"end":{"line":14,"column":9}}],"line":10}},"s":{"0":5,"1":5,"2":2,"3":1,"4":1,"5":7,"6":7},"f":{"0":2,"1":7},"b":{"0":[1,1]},"_coverageSchema":"43e27e138ebf9cfc5966b082cf9a028302ed4184","hash":"b584849be2446a1a157ae3522734913b6f47014a"}
,"/Users/juliesneed/meetup/src/api.js": {"path":"/Users/juliesneed/meetup/src/api.js","statementMap":{"0":{"start":{"line":4,"column":4},"end":{"line":4,"column":29}},"1":{"start":{"line":8,"column":24},"end":{"line":8,"column":60}},"2":{"start":{"line":9,"column":4},"end":{"line":18,"column":5}},"3":{"start":{"line":10,"column":29},"end":{"line":10,"column":72}},"4":{"start":{"line":11,"column":21},"end":{"line":11,"column":45}},"5":{"start":{"line":13,"column":8},"end":{"line":16,"column":9}},"6":{"start":{"line":14,"column":12},"end":{"line":14,"column":183}},"7":{"start":{"line":15,"column":12},"end":{"line":15,"column":24}},"8":{"start":{"line":17,"column":8},"end":{"line":17,"column":50}},"9":{"start":{"line":20,"column":26},"end":{"line":20,"column":65}},"10":{"start":{"line":22,"column":4},"end":{"line":24,"column":5}},"11":{"start":{"line":23,"column":8},"end":{"line":23,"column":27}},"12":{"start":{"line":25,"column":25},"end":{"line":25,"column":62}},"13":{"start":{"line":27,"column":4},"end":{"line":27,"column":56}},"14":{"start":{"line":32,"column":4},"end":{"line":52,"column":6}}},"fnMap":{"0":{"name":"getEvents","decl":{"start":{"line":3,"column":15},"end":{"line":3,"column":24}},"loc":{"start":{"line":3,"column":35},"end":{"line":5,"column":1}},"line":3},"1":{"name":"getAccessToken","decl":{"start":{"line":7,"column":9},"end":{"line":7,"column":23}},"loc":{"start":{"line":7,"column":26},"end":{"line":28,"column":1}},"line":7},"2":{"name":"getSuggestions","decl":{"start":{"line":30,"column":15},"end":{"line":30,"column":29}},"loc":{"start":{"line":30,"column":37},"end":{"line":53,"column":1}},"line":30}},"branchMap":{"0":{"loc":{"start":{"line":9,"column":4},"end":{"line":18,"column":5}},"type":"if","locations":[{"start":{"line":9,"column":4},"end":{"line":18,"column":5}},{"start":{"line":9,"column":4},"end":{"line":18,"column":5}}],"line":9},"1":{"loc":{"start":{"line":13,"column":8},"end":{"line":16,"column":9}},"type":"if","locations":[{"start":{"line":13,"column":8},"end":{"line":16,"column":9}},{"start":{"line":13,"column":8},"end":{"line":16,"column":9}}],"line":13},"2":{"loc":{"start":{"line":22,"column":4},"end":{"line":24,"column":5}},"type":"if","locations":[{"start":{"line":22,"column":4},"end":{"line":24,"column":5}},{"start":{"line":22,"column":4},"end":{"line":24,"column":5}}],"line":22},"3":{"loc":{"start":{"line":22,"column":8},"end":{"line":22,"column":61}},"type":"binary-expr","locations":[{"start":{"line":22,"column":8},"end":{"line":22,"column":19}},{"start":{"line":22,"column":24},"end":{"line":22,"column":60}}],"line":22}},"s":{"0":1,"1":0,"2":0,"3":0,"4":0,"5":0,"6":0,"7":0,"8":0,"9":0,"10":0,"11":0,"12":0,"13":0,"14":2},"f":{"0":1,"1":0,"2":2},"b":{"0":[0,0],"1":[0,0],"2":[0,0],"3":[0,0]},"_coverageSchema":"43e27e138ebf9cfc5966b082cf9a028302ed4184","hash":"61461e7248468cbe9238cae972dbe847d3fcfc62"}
}
