TN:
SF:/Users/juliesneed/meetup/src/api.js
FN:4,getEvents
FN:20,getAccessToken
FN:43,getOrRenewAccessToken
FN:60,getSuggestions
FNF:4
FNH:2
FNDA:6,getEvents
FNDA:0,getAccessToken
FNDA:0,getOrRenewAccessToken
FNDA:2,getSuggestions
DA:5,6
DA:6,6
DA:8,0
DA:9,0
DA:10,0
DA:12,0
DA:13,0
DA:15,0
DA:16,0
DA:21,0
DA:22,0
DA:23,0
DA:24,0
DA:26,0
DA:27,0
DA:28,0
DA:30,0
DA:33,0
DA:35,0
DA:36,0
DA:38,0
DA:40,0
DA:45,0
DA:46,0
DA:47,0
DA:48,0
DA:51,0
DA:53,0
DA:54,0
DA:55,0
DA:57,0
DA:61,2
DA:62,2
DA:85,0
DA:86,0
DA:87,0
DA:89,0
DA:90,0
DA:92,0
LF:39
LH:4
BRDA:5,0,0,6
BRDA:5,0,1,0
BRDA:9,1,0,0
BRDA:9,1,1,0
BRDA:12,2,0,0
BRDA:12,2,1,0
BRDA:12,3,0,0
BRDA:12,3,1,0
BRDA:22,4,0,0
BRDA:22,4,1,0
BRDA:26,5,0,0
BRDA:26,5,1,0
BRDA:35,6,0,0
BRDA:35,6,1,0
BRDA:35,7,0,0
BRDA:35,7,1,0
BRDA:45,8,0,0
BRDA:45,8,1,0
BRDA:47,9,0,0
BRDA:47,9,1,0
BRDA:61,10,0,2
BRDA:61,10,1,0
BRDA:86,11,0,0
BRDA:86,11,1,0
BRF:24
BRH:2
end_of_record
