TN:
SF:/Users/juliesneed/meetup/src/App.js
FN:12,(anonymous_0)
FN:13,(anonymous_1)
FN:16,(anonymous_2)
FNF:3
FNH:3
FNDA:1,(anonymous_0)
FNDA:1,(anonymous_1)
FNDA:7,(anonymous_2)
DA:9,4
DA:12,4
DA:13,1
DA:17,7
LF:4
LH:4
BRF:0
BRH:0
end_of_record
TN:
SF:/Users/juliesneed/meetup/src/CitySearch.js
FN:10,(anonymous_0)
FN:13,(anonymous_1)
FN:16,(anonymous_2)
FN:21,(anonymous_3)
FN:32,(anonymous_4)
FN:33,(anonymous_5)
FNF:6
FNH:6
FNDA:2,(anonymous_0)
FNDA:2,(anonymous_1)
FNDA:2,(anonymous_2)
FNDA:18,(anonymous_3)
FNDA:6,(anonymous_4)
FNDA:1,(anonymous_5)
DA:5,9
DA:10,9
DA:11,2
DA:12,2
DA:13,2
DA:16,9
DA:17,2
DA:18,2
DA:22,18
DA:33,6
LF:10
LH:10
BRF:0
BRH:0
end_of_record
TN:
SF:/Users/juliesneed/meetup/src/Event.js
FN:9,(anonymous_0)
FN:16,(anonymous_1)
FNF:2
FNH:2
FNDA:2,(anonymous_0)
FNDA:7,(anonymous_1)
DA:4,5
DA:9,5
DA:10,2
DA:11,1
DA:13,1
DA:17,7
DA:18,7
LF:7
LH:7
BRDA:10,0,0,1
BRDA:10,0,1,1
BRF:2
BRH:2
end_of_record
TN:
SF:/Users/juliesneed/meetup/src/api.js
FN:3,getEvents
FN:7,getAccessToken
FN:30,getSuggestions
FNF:3
FNH:2
FNDA:1,getEvents
FNDA:0,getAccessToken
FNDA:2,getSuggestions
DA:4,1
DA:8,0
DA:9,0
DA:10,0
DA:11,0
DA:13,0
DA:14,0
DA:15,0
DA:17,0
DA:20,0
DA:22,0
DA:23,0
DA:25,0
DA:27,0
DA:32,2
LF:15
LH:2
BRDA:9,0,0,0
BRDA:9,0,1,0
BRDA:13,1,0,0
BRDA:13,1,1,0
BRDA:22,2,0,0
BRDA:22,2,1,0
BRDA:22,3,0,0
BRDA:22,3,1,0
BRF:8
BRH:0
end_of_record
